<?xml version="1.0" encoding="UTF-8"?>
<coverage generated="1681412438458" clover="3.2.0">
  <project timestamp="1681412438458" name="All files">
    <metrics statements="17" coveredstatements="12" conditionals="2" coveredconditionals="2" methods="5" coveredmethods="3" elements="24" coveredelements="17" complexity="0" loc="17" ncloc="17" packages="1" files="3" classes="3"/>
    <file name="character.js" path="/Users/student/Desktop/BuildAnRPG/src/character.js">
      <metrics statements="8" coveredstatements="8" conditionals="2" coveredconditionals="2" methods="2" coveredmethods="2"/>
      <line num="4" count="1" type="stmt"/>
      <line num="5" count="1" type="stmt"/>
      <line num="6" count="1" type="stmt"/>
      <line num="7" count="1" type="stmt"/>
      <line num="8" count="1" type="stmt"/>
      <line num="12" count="3" type="stmt"/>
      <line num="13" count="3" type="stmt"/>
      <line num="14" count="3" type="cond" truecount="2" falsecount="0"/>
    </file>
    <file name="lvlup.js" path="/Users/student/Desktop/BuildAnRPG/src/lvlup.js">
      <metrics statements="3" coveredstatements="0" conditionals="0" coveredconditionals="0" methods="1" coveredmethods="0"/>
      <line num="5" count="0" type="stmt"/>
      <line num="6" count="0" type="stmt"/>
      <line num="7" count="0" type="stmt"/>
    </file>
    <file name="monsters.js" path="/Users/student/Desktop/BuildAnRPG/src/monsters.js">
      <metrics statements="6" coveredstatements="4" conditionals="0" coveredconditionals="0" methods="2" coveredmethods="1"/>
      <line num="5" count="1" type="stmt"/>
      <line num="6" count="1" type="stmt"/>
      <line num="7" count="1" type="stmt"/>
      <line num="8" count="1" type="stmt"/>
      <line num="12" count="0" type="stmt"/>
      <line num="13" count="0" type="stmt"/>
    </file>
  </project>
</coverage>
