{"/Users/student/Desktop/BuildAnRPG/src/character.js": {"path":"/Users/student/Desktop/BuildAnRPG/src/character.js","statementMap":{"0":{"start":{"line":4,"column":4},"end":{"line":4,"column":21}},"1":{"start":{"line":5,"column":4},"end":{"line":5,"column":37}},"2":{"start":{"line":6,"column":4},"end":{"line":6,"column":23}},"3":{"start":{"line":7,"column":4},"end":{"line":7,"column":25}},"4":{"start":{"line":8,"column":4},"end":{"line":8,"column":23}},"5":{"start":{"line":12,"column":4},"end":{"line":12,"column":38}},"6":{"start":{"line":13,"column":4},"end":{"line":13,"column":80}},"7":{"start":{"line":14,"column":4},"end":{"line":16,"column":5}}},"fnMap":{"0":{"name":"(anonymous_0)","decl":{"start":{"line":3,"column":2},"end":{"line":3,"column":3}},"loc":{"start":{"line":3,"column":56},"end":{"line":10,"column":3}},"line":3},"1":{"name":"(anonymous_1)","decl":{"start":{"line":11,"column":2},"end":{"line":11,"column":3}},"loc":{"start":{"line":11,"column":17},"end":{"line":17,"column":3}},"line":11}},"branchMap":{"0":{"loc":{"start":{"line":14,"column":4},"end":{"line":16,"column":5}},"type":"if","locations":[{"start":{"line":14,"column":4},"end":{"line":16,"column":5}},{"start":{"line":14,"column":4},"end":{"line":16,"column":5}}],"line":14}},"s":{"0":1,"1":1,"2":1,"3":1,"4":1,"5":3,"6":3,"7":3},"f":{"0":1,"1":3},"b":{"0":[2,1]},"_coverageSchema":"43e27e138ebf9cfc5966b082cf9a028302ed4184","hash":"ec65fcd80fd317b217fbfbe853a1ffcf838f3bad"}
,"/Users/student/Desktop/BuildAnRPG/src/lvlup.js": {"path":"/Users/student/Desktop/BuildAnRPG/src/lvlup.js","statementMap":{"0":{"start":{"line":5,"column":4},"end":{"line":5,"column":36}},"1":{"start":{"line":6,"column":4},"end":{"line":6,"column":54}},"2":{"start":{"line":7,"column":4},"end":{"line":7,"column":39}}},"fnMap":{"0":{"name":"(anonymous_0)","decl":{"start":{"line":4,"column":2},"end":{"line":4,"column":3}},"loc":{"start":{"line":4,"column":42},"end":{"line":8,"column":3}},"line":4}},"branchMap":{},"s":{"0":0,"1":0,"2":0},"f":{"0":0},"b":{},"_coverageSchema":"43e27e138ebf9cfc5966b082cf9a028302ed4184","hash":"b58ee5f00121d6b034f6ce1c73745b504fdee542"}
,"/Users/student/Desktop/BuildAnRPG/src/monsters.js": {"path":"/Users/student/Desktop/BuildAnRPG/src/monsters.js","statementMap":{"0":{"start":{"line":5,"column":4},"end":{"line":5,"column":21}},"1":{"start":{"line":6,"column":4},"end":{"line":6,"column":37}},"2":{"start":{"line":7,"column":4},"end":{"line":7,"column":23}},"3":{"start":{"line":8,"column":4},"end":{"line":8,"column":25}},"4":{"start":{"line":12,"column":4},"end":{"line":12,"column":38}},"5":{"start":{"line":13,"column":4},"end":{"line":13,"column":80}}},"fnMap":{"0":{"name":"(anonymous_0)","decl":{"start":{"line":4,"column":2},"end":{"line":4,"column":3}},"loc":{"start":{"line":4,"column":49},"end":{"line":9,"column":3}},"line":4},"1":{"name":"(anonymous_1)","decl":{"start":{"line":11,"column":2},"end":{"line":11,"column":3}},"loc":{"start":{"line":11,"column":17},"end":{"line":14,"column":3}},"line":11}},"branchMap":{},"s":{"0":1,"1":1,"2":1,"3":1,"4":0,"5":0},"f":{"0":1,"1":0},"b":{},"_coverageSchema":"43e27e138ebf9cfc5966b082cf9a028302ed4184","hash":"0b7406e5693b84fbc83a0472a4d49c59bab06255"}
}
